


ARM Macro Assembler    Page 1 


    1 00000000                 AREA             Signal, DATA, READONLY
    2 00000000                 export           LeSignal85kHz
    3 00000000         LeSignal85kHz
    4 00000000 FF 0F           DCW              0x0fff      ;  0 4095  0.99976
    5 00000002 37 07           DCW              0x0737      ;  1 1847  0.45093
    6 00000004 27 00           DCW              0x0027      ;  2   39  0.00952
    7 00000006 53 0A           DCW              0x0a53      ;  3 2643  0.64526
    8 00000008 64 0F           DCW              0x0f64      ;  4 3940  0.96191
    9 0000000A 3B 04           DCW              0x043b      ;  5 1083  0.26440
   10 0000000C 59 01           DCW              0x0159      ;  6  345  0.08423
   11 0000000E 13 0D           DCW              0x0d13      ;  7 3347  0.81714
   12 00000010 A8 0D           DCW              0x0da8      ;  8 3496  0.85352
   13 00000012 D1 01           DCW              0x01d1      ;  9  465  0.11353
   14 00000014 8E 03           DCW              0x038e      ; 10  910  0.22217
   15 00000016 0E 0F           DCW              0x0f0e      ; 11 3854  0.94092
   16 00000018 10 0B           DCW              0x0b10      ; 12 2832  0.69141
   17 0000001A 58 00           DCW              0x0058      ; 13   88  0.02148
   18 0000001C 70 06           DCW              0x0670      ; 14 1648  0.40234
   19 0000001E F6 0F           DCW              0x0ff6      ; 15 4086  0.99756
   20 00000020 00 08           DCW              0x0800      ; 16 2048  0.50000
   21 00000022 0A 00           DCW              0x000a      ; 17   10  0.00244
   22 00000024 90 09           DCW              0x0990      ; 18 2448  0.59766
   23 00000026 A8 0F           DCW              0x0fa8      ; 19 4008  0.97852
   24 00000028 F0 04           DCW              0x04f0      ; 20 1264  0.30859
   25 0000002A F2 00           DCW              0x00f2      ; 21  242  0.05908
   26 0000002C 72 0C           DCW              0x0c72      ; 22 3186  0.77783
   27 0000002E 2F 0E           DCW              0x0e2f      ; 23 3631  0.88647
   28 00000030 58 02           DCW              0x0258      ; 24  600  0.14648
   29 00000032 ED 02           DCW              0x02ed      ; 25  749  0.18286
   30 00000034 A7 0E           DCW              0x0ea7      ; 26 3751  0.91577
   31 00000036 C5 0B           DCW              0x0bc5      ; 27 3013  0.73560
   32 00000038 9C 00           DCW              0x009c      ; 28  156  0.03809
   33 0000003A AD 05           DCW              0x05ad      ; 29 1453  0.35474
   34 0000003C D9 0F           DCW              0x0fd9      ; 30 4057  0.99048
   35 0000003E C9 08           DCW              0x08c9      ; 31 2249  0.54907
   36 00000040 00 00           DCW              0x0000      ; 32    0  0.00000
   37 00000042 C9 08           DCW              0x08c9      ; 33 2249  0.54907
   38 00000044 D9 0F           DCW              0x0fd9      ; 34 4057  0.99048
   39 00000046 AD 05           DCW              0x05ad      ; 35 1453  0.35474
   40 00000048 9C 00           DCW              0x009c      ; 36  156  0.03809
   41 0000004A C5 0B           DCW              0x0bc5      ; 37 3013  0.73560
   42 0000004C A7 0E           DCW              0x0ea7      ; 38 3751  0.91577
   43 0000004E ED 02           DCW              0x02ed      ; 39  749  0.18286
   44 00000050 58 02           DCW              0x0258      ; 40  600  0.14648
   45 00000052 2F 0E           DCW              0x0e2f      ; 41 3631  0.88647
   46 00000054 72 0C           DCW              0x0c72      ; 42 3186  0.77783
   47 00000056 F2 00           DCW              0x00f2      ; 43  242  0.05908
   48 00000058 F0 04           DCW              0x04f0      ; 44 1264  0.30859
   49 0000005A A8 0F           DCW              0x0fa8      ; 45 4008  0.97852
   50 0000005C 90 09           DCW              0x0990      ; 46 2448  0.59766
   51 0000005E 0A 00           DCW              0x000a      ; 47   10  0.00244
   52 00000060 00 08           DCW              0x0800      ; 48 2048  0.50000
   53 00000062 F6 0F           DCW              0x0ff6      ; 49 4086  0.99756
   54 00000064 70 06           DCW              0x0670      ; 50 1648  0.40234
   55 00000066 58 00           DCW              0x0058      ; 51   88  0.02148
   56 00000068 10 0B           DCW              0x0b10      ; 52 2832  0.69141
   57 0000006A 0E 0F           DCW              0x0f0e      ; 53 3854  0.94092
   58 0000006C 8E 03           DCW              0x038e      ; 54  910  0.22217
   59 0000006E D1 01           DCW              0x01d1      ; 55  465  0.11353



ARM Macro Assembler    Page 2 


   60 00000070 A8 0D           DCW              0x0da8      ; 56 3496  0.85352
   61 00000072 13 0D           DCW              0x0d13      ; 57 3347  0.81714
   62 00000074 59 01           DCW              0x0159      ; 58  345  0.08423
   63 00000076 3B 04           DCW              0x043b      ; 59 1083  0.26440
   64 00000078 64 0F           DCW              0x0f64      ; 60 3940  0.96191
   65 0000007A 53 0A           DCW              0x0a53      ; 61 2643  0.64526
   66 0000007C 27 00           DCW              0x0027      ; 62   39  0.00952
   67 0000007E 37 07           DCW              0x0737      ; 63 1847  0.45093
   68 00000080                 END
Command Line: --debug --xref --diag_suppress=9931 --cpu=Cortex-M3 --apcs=interw
ork --depend=".\obj\signal 85khz.d" -o".\obj\signal 85khz.o" -I.\Src\ModuleAffi
chage -I.\RTE\_CibleSondeKEIL -IC:\Programdata\Keil\Arm\Packs\ARM\CMSIS\5.7.0\C
MSIS\Core\Include -IC:\Programdata\Keil\Arm\Packs\Keil\STM32F1xx_DFP\2.3.0\Devi
ce\Include --predefine="__EVAL SETA 1" --predefine="__MICROLIB SETA 1" --predef
ine="__UVISION_VERSION SETA 530" --predefine="_RTE_ SETA 1" --predefine="STM32F
10X_MD SETA 1" --predefine="_RTE_ SETA 1" --list=signal 85khz.lst "Src\Signal 8
5kHz.asm"



ARM Macro Assembler    Page 1 Alphabetic symbol ordering
Relocatable symbols

LeSignal85kHz 00000000

Symbol: LeSignal85kHz
   Definitions
      At line 3 in file Src\Signal
   Uses
      At line 2 in file Src\Signal
Comment: LeSignal85kHz used once
Signal 00000000

Symbol: Signal
   Definitions
      At line 1 in file Src\Signal
   Uses
      None
Comment: Signal unused
2 symbols
337 symbols in table
