


ARM Macro Assembler    Page 1 


    1 00000000                 PRESERVE8
    2 00000000                 THUMB
    3 00000000         
    4 00000000                 EXPORT           DFT_ModuleAuCarre
    5 00000000         ; ====================== zone de réservation de données,
                         ======================================
    6 00000000         ;Section RAM (read only) :
    7 00000000                 area             mesdata,data,readonly
    8 00000000         
    9 00000000         
   10 00000000         ;Section RAM (read write):
   11 00000000                 area             maram,data,readwrite
   12 00000000         
   13 00000000         
   14 00000000         
   15 00000000         ; ======================================================
                       =========================================
   16 00000000         
   17 00000000         
   18 00000000         
   19 00000000         
   20 00000000         ;Section ROM code (read only) :  
   21 00000000                 area             moncode,code,readonly
   22 00000000         ; écrire le code ici  
   23 00000000         
   24 00000000         
   25 00000000         DFT_ModuleAuCarre
                               proc
   26 00000000 E92D 4FF0       push{lr,         r4-r11}
   27 00000004 F04F 0200       mov              r2, #0
   28 00000008 4D0F            ldr              r5, =TabCos
   29 0000000A 4C10            ldr              r4, =TabSin
   30 0000000C F04F 0800       mov              r8, #0
   31 00000010 F04F 0B00       mov              r11, #0
   32 00000014         
   33 00000014         Boucle
   34 00000014 F930 3012       ldrsh            r3, [r0, r2, lsl #1]
   35 00000018 FB02 F701       mul              r7, r2, r1
   36 0000001C F007 073F       and              r7, #63
   37 00000020 F935 6017       ldrsh            r6, [r5, r7, lsl #1]
   38 00000024 F934 9017       ldrsh            r9, [r4, r7, lsl #1]
   39 00000028         
   40 00000028 FB03 FA06       mul              r10, r3, r6
   41 0000002C FB03 F309       mul              r3, r9
   42 00000030         
   43 00000030 4498            add              r8, r3
   44 00000032 44D3            add              r11, r10
   45 00000034         
   46 00000034 F102 0201       add              r2, #1
   47 00000038         
   48 00000038 2A40            cmp              r2, #64
   49 0000003A D1EB            bne              Boucle
   50 0000003C         
   51 0000003C FB8B 100B       smull            r1, r0, r11, r11
   52 00000040 FBC8 1008       smlal            r1, r0, r8, r8
   53 00000044         
   54 00000044         
   55 00000044 E8BD 8FF0       pop{pc,          r4-r11}
   56 00000048         



ARM Macro Assembler    Page 2 


   57 00000048                 endp
   58 00000048         
   59 00000048         
   60 00000048         ;Section ROM code (read only) :  
   61 00000048 00000000 
              00000000         AREA             Trigo, DATA, READONLY
   62 00000000         ; codage fractionnaire 1.15
   63 00000000         
   64 00000000         TabCos
   65 00000000 FF 7F           DCW              32767       ;  0 0x7fff  0.9999
                                                            7
   66 00000002 62 7F           DCW              32610       ;  1 0x7f62  0.9951
                                                            8
   67 00000004 8A 7D           DCW              32138       ;  2 0x7d8a  0.9807
                                                            7
   68 00000006 7D 7A           DCW              31357       ;  3 0x7a7d  0.9569
                                                            4
   69 00000008 42 76           DCW              30274       ;  4 0x7642  0.9238
                                                            9
   70 0000000A E3 70           DCW              28899       ;  5 0x70e3  0.8819
                                                            3
   71 0000000C 6E 6A           DCW              27246       ;  6 0x6a6e  0.8314
                                                            8
   72 0000000E F2 62           DCW              25330       ;  7 0x62f2  0.7730
                                                            1
   73 00000010 82 5A           DCW              23170       ;  8 0x5a82  0.7070
                                                            9
   74 00000012 34 51           DCW              20788       ;  9 0x5134  0.6344
                                                            0
   75 00000014 1D 47           DCW              18205       ; 10 0x471d  0.5555
                                                            7
   76 00000016 57 3C           DCW              15447       ; 11 0x3c57  0.4714
                                                            1
   77 00000018 FC 30           DCW              12540       ; 12 0x30fc  0.3826
                                                            9
   78 0000001A 28 25           DCW              9512        ; 13 0x2528  0.2902
                                                            8
   79 0000001C F9 18           DCW              6393        ; 14 0x18f9  0.1951
                                                            0
   80 0000001E 8C 0C           DCW              3212        ; 15 0x0c8c  0.0980
                                                            2
   81 00000020 00 00           DCW              0           ; 16 0x0000  0.0000
                                                            0
   82 00000022 74 F3           DCW              -3212       ; 17 0xf374 -0.0980
                                                            2
   83 00000024 07 E7           DCW              -6393       ; 18 0xe707 -0.1951
                                                            0
   84 00000026 D8 DA           DCW              -9512       ; 19 0xdad8 -0.2902
                                                            8
   85 00000028 04 CF           DCW              -12540      ; 20 0xcf04 -0.3826
                                                            9
   86 0000002A A9 C3           DCW              -15447      ; 21 0xc3a9 -0.4714
                                                            1
   87 0000002C E3 B8           DCW              -18205      ; 22 0xb8e3 -0.5555
                                                            7
   88 0000002E CC AE           DCW              -20788      ; 23 0xaecc -0.6344
                                                            0
   89 00000030 7E A5           DCW              -23170      ; 24 0xa57e -0.7070
                                                            9



ARM Macro Assembler    Page 3 


   90 00000032 0E 9D           DCW              -25330      ; 25 0x9d0e -0.7730
                                                            1
   91 00000034 92 95           DCW              -27246      ; 26 0x9592 -0.8314
                                                            8
   92 00000036 1D 8F           DCW              -28899      ; 27 0x8f1d -0.8819
                                                            3
   93 00000038 BE 89           DCW              -30274      ; 28 0x89be -0.9238
                                                            9
   94 0000003A 83 85           DCW              -31357      ; 29 0x8583 -0.9569
                                                            4
   95 0000003C 76 82           DCW              -32138      ; 30 0x8276 -0.9807
                                                            7
   96 0000003E 9E 80           DCW              -32610      ; 31 0x809e -0.9951
                                                            8
   97 00000040 00 80           DCW              -32768      ; 32 0x8000 -1.0000
                                                            0
   98 00000042 9E 80           DCW              -32610      ; 33 0x809e -0.9951
                                                            8
   99 00000044 76 82           DCW              -32138      ; 34 0x8276 -0.9807
                                                            7
  100 00000046 83 85           DCW              -31357      ; 35 0x8583 -0.9569
                                                            4
  101 00000048 BE 89           DCW              -30274      ; 36 0x89be -0.9238
                                                            9
  102 0000004A 1D 8F           DCW              -28899      ; 37 0x8f1d -0.8819
                                                            3
  103 0000004C 92 95           DCW              -27246      ; 38 0x9592 -0.8314
                                                            8
  104 0000004E 0E 9D           DCW              -25330      ; 39 0x9d0e -0.7730
                                                            1
  105 00000050 7E A5           DCW              -23170      ; 40 0xa57e -0.7070
                                                            9
  106 00000052 CC AE           DCW              -20788      ; 41 0xaecc -0.6344
                                                            0
  107 00000054 E3 B8           DCW              -18205      ; 42 0xb8e3 -0.5555
                                                            7
  108 00000056 A9 C3           DCW              -15447      ; 43 0xc3a9 -0.4714
                                                            1
  109 00000058 04 CF           DCW              -12540      ; 44 0xcf04 -0.3826
                                                            9
  110 0000005A D8 DA           DCW              -9512       ; 45 0xdad8 -0.2902
                                                            8
  111 0000005C 07 E7           DCW              -6393       ; 46 0xe707 -0.1951
                                                            0
  112 0000005E 74 F3           DCW              -3212       ; 47 0xf374 -0.0980
                                                            2
  113 00000060 00 00           DCW              0           ; 48 0x0000  0.0000
                                                            0
  114 00000062 8C 0C           DCW              3212        ; 49 0x0c8c  0.0980
                                                            2
  115 00000064 F9 18           DCW              6393        ; 50 0x18f9  0.1951
                                                            0
  116 00000066 28 25           DCW              9512        ; 51 0x2528  0.2902
                                                            8
  117 00000068 FC 30           DCW              12540       ; 52 0x30fc  0.3826
                                                            9
  118 0000006A 57 3C           DCW              15447       ; 53 0x3c57  0.4714
                                                            1
  119 0000006C 1D 47           DCW              18205       ; 54 0x471d  0.5555



ARM Macro Assembler    Page 4 


                                                            7
  120 0000006E 34 51           DCW              20788       ; 55 0x5134  0.6344
                                                            0
  121 00000070 82 5A           DCW              23170       ; 56 0x5a82  0.7070
                                                            9
  122 00000072 F2 62           DCW              25330       ; 57 0x62f2  0.7730
                                                            1
  123 00000074 6E 6A           DCW              27246       ; 58 0x6a6e  0.8314
                                                            8
  124 00000076 E3 70           DCW              28899       ; 59 0x70e3  0.8819
                                                            3
  125 00000078 42 76           DCW              30274       ; 60 0x7642  0.9238
                                                            9
  126 0000007A 7D 7A           DCW              31357       ; 61 0x7a7d  0.9569
                                                            4
  127 0000007C 8A 7D           DCW              32138       ; 62 0x7d8a  0.9807
                                                            7
  128 0000007E 62 7F           DCW              32610       ; 63 0x7f62  0.9951
                                                            8
  129 00000080         TabSin
  130 00000080 00 00           DCW              0           ;  0 0x0000  0.0000
                                                            0
  131 00000082 8C 0C           DCW              3212        ;  1 0x0c8c  0.0980
                                                            2
  132 00000084 F9 18           DCW              6393        ;  2 0x18f9  0.1951
                                                            0
  133 00000086 28 25           DCW              9512        ;  3 0x2528  0.2902
                                                            8
  134 00000088 FC 30           DCW              12540       ;  4 0x30fc  0.3826
                                                            9
  135 0000008A 57 3C           DCW              15447       ;  5 0x3c57  0.4714
                                                            1
  136 0000008C 1D 47           DCW              18205       ;  6 0x471d  0.5555
                                                            7
  137 0000008E 34 51           DCW              20788       ;  7 0x5134  0.6344
                                                            0
  138 00000090 82 5A           DCW              23170       ;  8 0x5a82  0.7070
                                                            9
  139 00000092 F2 62           DCW              25330       ;  9 0x62f2  0.7730
                                                            1
  140 00000094 6E 6A           DCW              27246       ; 10 0x6a6e  0.8314
                                                            8
  141 00000096 E3 70           DCW              28899       ; 11 0x70e3  0.8819
                                                            3
  142 00000098 42 76           DCW              30274       ; 12 0x7642  0.9238
                                                            9
  143 0000009A 7D 7A           DCW              31357       ; 13 0x7a7d  0.9569
                                                            4
  144 0000009C 8A 7D           DCW              32138       ; 14 0x7d8a  0.9807
                                                            7
  145 0000009E 62 7F           DCW              32610       ; 15 0x7f62  0.9951
                                                            8
  146 000000A0 FF 7F           DCW              32767       ; 16 0x7fff  0.9999
                                                            7
  147 000000A2 62 7F           DCW              32610       ; 17 0x7f62  0.9951
                                                            8
  148 000000A4 8A 7D           DCW              32138       ; 18 0x7d8a  0.9807
                                                            7
  149 000000A6 7D 7A           DCW              31357       ; 19 0x7a7d  0.9569



ARM Macro Assembler    Page 5 


                                                            4
  150 000000A8 42 76           DCW              30274       ; 20 0x7642  0.9238
                                                            9
  151 000000AA E3 70           DCW              28899       ; 21 0x70e3  0.8819
                                                            3
  152 000000AC 6E 6A           DCW              27246       ; 22 0x6a6e  0.8314
                                                            8
  153 000000AE F2 62           DCW              25330       ; 23 0x62f2  0.7730
                                                            1
  154 000000B0 82 5A           DCW              23170       ; 24 0x5a82  0.7070
                                                            9
  155 000000B2 34 51           DCW              20788       ; 25 0x5134  0.6344
                                                            0
  156 000000B4 1D 47           DCW              18205       ; 26 0x471d  0.5555
                                                            7
  157 000000B6 57 3C           DCW              15447       ; 27 0x3c57  0.4714
                                                            1
  158 000000B8 FC 30           DCW              12540       ; 28 0x30fc  0.3826
                                                            9
  159 000000BA 28 25           DCW              9512        ; 29 0x2528  0.2902
                                                            8
  160 000000BC F9 18           DCW              6393        ; 30 0x18f9  0.1951
                                                            0
  161 000000BE 8C 0C           DCW              3212        ; 31 0x0c8c  0.0980
                                                            2
  162 000000C0 00 00           DCW              0           ; 32 0x0000  0.0000
                                                            0
  163 000000C2 74 F3           DCW              -3212       ; 33 0xf374 -0.0980
                                                            2
  164 000000C4 07 E7           DCW              -6393       ; 34 0xe707 -0.1951
                                                            0
  165 000000C6 D8 DA           DCW              -9512       ; 35 0xdad8 -0.2902
                                                            8
  166 000000C8 04 CF           DCW              -12540      ; 36 0xcf04 -0.3826
                                                            9
  167 000000CA A9 C3           DCW              -15447      ; 37 0xc3a9 -0.4714
                                                            1
  168 000000CC E3 B8           DCW              -18205      ; 38 0xb8e3 -0.5555
                                                            7
  169 000000CE CC AE           DCW              -20788      ; 39 0xaecc -0.6344
                                                            0
  170 000000D0 7E A5           DCW              -23170      ; 40 0xa57e -0.7070
                                                            9
  171 000000D2 0E 9D           DCW              -25330      ; 41 0x9d0e -0.7730
                                                            1
  172 000000D4 92 95           DCW              -27246      ; 42 0x9592 -0.8314
                                                            8
  173 000000D6 1D 8F           DCW              -28899      ; 43 0x8f1d -0.8819
                                                            3
  174 000000D8 BE 89           DCW              -30274      ; 44 0x89be -0.9238
                                                            9
  175 000000DA 83 85           DCW              -31357      ; 45 0x8583 -0.9569
                                                            4
  176 000000DC 76 82           DCW              -32138      ; 46 0x8276 -0.9807
                                                            7
  177 000000DE 9E 80           DCW              -32610      ; 47 0x809e -0.9951
                                                            8
  178 000000E0 00 80           DCW              -32768      ; 48 0x8000 -1.0000
                                                            0



ARM Macro Assembler    Page 6 


  179 000000E2 9E 80           DCW              -32610      ; 49 0x809e -0.9951
                                                            8
  180 000000E4 76 82           DCW              -32138      ; 50 0x8276 -0.9807
                                                            7
  181 000000E6 83 85           DCW              -31357      ; 51 0x8583 -0.9569
                                                            4
  182 000000E8 BE 89           DCW              -30274      ; 52 0x89be -0.9238
                                                            9
  183 000000EA 1D 8F           DCW              -28899      ; 53 0x8f1d -0.8819
                                                            3
  184 000000EC 92 95           DCW              -27246      ; 54 0x9592 -0.8314
                                                            8
  185 000000EE 0E 9D           DCW              -25330      ; 55 0x9d0e -0.7730
                                                            1
  186 000000F0 7E A5           DCW              -23170      ; 56 0xa57e -0.7070
                                                            9
  187 000000F2 CC AE           DCW              -20788      ; 57 0xaecc -0.6344
                                                            0
  188 000000F4 E3 B8           DCW              -18205      ; 58 0xb8e3 -0.5555
                                                            7
  189 000000F6 A9 C3           DCW              -15447      ; 59 0xc3a9 -0.4714
                                                            1
  190 000000F8 04 CF           DCW              -12540      ; 60 0xcf04 -0.3826
                                                            9
  191 000000FA D8 DA           DCW              -9512       ; 61 0xdad8 -0.2902
                                                            8
  192 000000FC 07 E7           DCW              -6393       ; 62 0xe707 -0.1951
                                                            0
  193 000000FE 74 F3           DCW              -3212       ; 63 0xf374 -0.0980
                                                            2
  194 00000100         
  195 00000100                 END
Command Line: --debug --xref --diag_suppress=9931 --cpu=Cortex-M3 --apcs=interw
ork --depend=.\obj\dft.d -o.\obj\dft.o -I.\Src -I.\RTE\_Simu -IC:\Programdata\K
eil\Arm\Packs\ARM\CMSIS\5.7.0\CMSIS\Core\Include -IC:\Programdata\Keil\Arm\Pack
s\Keil\STM32F1xx_DFP\2.3.0\Device\Include --predefine="__EVAL SETA 1" --predefi
ne="__MICROLIB SETA 1" --predefine="__UVISION_VERSION SETA 530" --predefine="_R
TE_ SETA 1" --predefine="STM32F10X_MD SETA 1" --predefine="_RTE_ SETA 1" --list
=dft.lst Src\DFT.s



ARM Macro Assembler    Page 1 Alphabetic symbol ordering
Relocatable symbols

mesdata 00000000

Symbol: mesdata
   Definitions
      At line 7 in file Src\DFT.s
   Uses
      None
Comment: mesdata unused
1 symbol



ARM Macro Assembler    Page 1 Alphabetic symbol ordering
Relocatable symbols

maram 00000000

Symbol: maram
   Definitions
      At line 11 in file Src\DFT.s
   Uses
      None
Comment: maram unused
1 symbol



ARM Macro Assembler    Page 1 Alphabetic symbol ordering
Relocatable symbols

Boucle 00000014

Symbol: Boucle
   Definitions
      At line 33 in file Src\DFT.s
   Uses
      At line 49 in file Src\DFT.s
Comment: Boucle used once
DFT_ModuleAuCarre 00000000

Symbol: DFT_ModuleAuCarre
   Definitions
      At line 25 in file Src\DFT.s
   Uses
      At line 4 in file Src\DFT.s
Comment: DFT_ModuleAuCarre used once
moncode 00000000

Symbol: moncode
   Definitions
      At line 21 in file Src\DFT.s
   Uses
      None
Comment: moncode unused
3 symbols



ARM Macro Assembler    Page 1 Alphabetic symbol ordering
Relocatable symbols

TabCos 00000000

Symbol: TabCos
   Definitions
      At line 64 in file Src\DFT.s
   Uses
      At line 28 in file Src\DFT.s
Comment: TabCos used once
TabSin 00000080

Symbol: TabSin
   Definitions
      At line 129 in file Src\DFT.s
   Uses
      At line 29 in file Src\DFT.s
Comment: TabSin used once
Trigo 00000000

Symbol: Trigo
   Definitions
      At line 61 in file Src\DFT.s
   Uses
      None
Comment: Trigo unused
3 symbols
345 symbols in table
