


ARM Macro Assembler    Page 1 


    1 00000000                 PRESERVE8
    2 00000000                 THUMB
    3 00000000         
    4 00000000                 export           CallbackSon
    5 00000000                 export           SortieSon
    6 00000000                 export           StartSon
    7 00000000         
    8 00000000                 import           LongueurSon
    9 00000000                 import           PeriodeSonMicroSec
   10 00000000                 import           Son
   11 00000000                 import           PWM_Set_Value_TIM3_Ch3
   12 00000000         
   13 00000000         ; ====================== zone de réservation de données,
                         ======================================
   14 00000000         ;Section RAM (read only) :
   15 00000000                 area             mesdata,data,readonly
   16 00000000         
   17 00000000         
   18 00000000         ;Section RAM (read write):
   19 00000000                 area             maram,data,readwrite
   20 00000000         
   21 00000000 00000000 
                       SortieSon
                               dcd              0
   22 00000004         
   23 00000004 00000000 
                       Index   dcd              0
   24 00000008         
   25 00000008         ; ======================================================
                       =========================================
   26 00000008         
   27 00000008         
   28 00000008         
   29 00000008         
   30 00000008         ;Section ROM code (read only) :  
   31 00000008                 area             moncode,code,readonly
   32 00000000         ; écrire le code ici  
   33 00000000         
   34 00000000         CallbackSon
                               proc
   35 00000000         
   36 00000000 B5F0            push{lr,         r4, r5, r6, r7}
   37 00000002         
   38 00000002 4812            ldr              r0, =LongueurSon
   39 00000004 6800            ldr              r0, [r0]
   40 00000006 4D12            ldr              r5, =Index
   41 00000008 682A            ldr              r2, [r5]
   42 0000000A 4290            cmp              r0, r2
   43 0000000C         
   44 0000000C D014            beq              Fin
   45 0000000E         
   46 0000000E 4911            ldr              r1, =Son
   47 00000010         
   48 00000010 F931 3012       ldrsh            r3, [r1, r2, lsl #1]
   49 00000014 F64F 76FF       ldr              r6, =65535
   50 00000018 F44F 7734       ldr              r7, =720
   51 0000001C F503 4300       add              r3, #32768
   52 00000020 FB03 F307       mul              r3, r7
   53 00000024 FBB3 F3F6       udiv             r3, r6



ARM Macro Assembler    Page 2 


   54 00000028         
   55 00000028 4618            mov              r0, r3
   56 0000002A         
   57 0000002A F102 0201       add              r2, #1
   58 0000002E 602A            str              r2, [r5]
   59 00000030 4C09            ldr              r4, =SortieSon
   60 00000032 8023            strh             r3, [r4]
   61 00000034 F7FF FFFE       bl               PWM_Set_Value_TIM3_Ch3
   62 00000038         
   63 00000038         Fin
   64 00000038 BDF0            pop{pc,          r4, r5, r6, r7}
   65 0000003A 4770            bx               lr
   66 0000003C                 endp
   67 0000003C         
   68 0000003C         
   69 0000003C         StartSon
                               proc
   70 0000003C B500            push{lr}
   71 0000003E         
   72 0000003E 4804            ldr              r0, =Index
   73 00000040 F04F 0100       mov              r1, #0
   74 00000044 6001            str              r1, [r0]
   75 00000046         
   76 00000046 BD00            pop{pc}
   77 00000048 4770            bx               lr
   78 0000004A                 endp
   79 0000004A         
   80 0000004A                 END
              00 00 00000000 
              00000000 
              00000000 
              00000000 
Command Line: --debug --xref --diag_suppress=9931 --cpu=Cortex-M3 --apcs=interw
ork --depend=.\obj\gestionson.d -o.\obj\gestionson.o -I.\RTE\_CibleSondeKEIL -I
C:\Programdata\Keil\Arm\Packs\ARM\CMSIS\5.7.0\CMSIS\Core\Include -IC:\Programda
ta\Keil\Arm\Packs\Keil\STM32F1xx_DFP\2.3.0\Device\Include --predefine="__EVAL S
ETA 1" --predefine="__MICROLIB SETA 1" --predefine="__UVISION_VERSION SETA 530"
 --predefine="_RTE_ SETA 1" --predefine="STM32F10X_MD SETA 1" --predefine="_RTE
_ SETA 1" --list=gestionson.lst Src\GestionSon.s



ARM Macro Assembler    Page 1 Alphabetic symbol ordering
Relocatable symbols

mesdata 00000000

Symbol: mesdata
   Definitions
      At line 15 in file Src\GestionSon.s
   Uses
      None
Comment: mesdata unused
1 symbol



ARM Macro Assembler    Page 1 Alphabetic symbol ordering
Relocatable symbols

Index 00000004

Symbol: Index
   Definitions
      At line 23 in file Src\GestionSon.s
   Uses
      At line 40 in file Src\GestionSon.s
      At line 72 in file Src\GestionSon.s

SortieSon 00000000

Symbol: SortieSon
   Definitions
      At line 21 in file Src\GestionSon.s
   Uses
      At line 5 in file Src\GestionSon.s
      At line 59 in file Src\GestionSon.s

maram 00000000

Symbol: maram
   Definitions
      At line 19 in file Src\GestionSon.s
   Uses
      None
Comment: maram unused
3 symbols



ARM Macro Assembler    Page 1 Alphabetic symbol ordering
Relocatable symbols

CallbackSon 00000000

Symbol: CallbackSon
   Definitions
      At line 34 in file Src\GestionSon.s
   Uses
      At line 4 in file Src\GestionSon.s
Comment: CallbackSon used once
Fin 00000038

Symbol: Fin
   Definitions
      At line 63 in file Src\GestionSon.s
   Uses
      At line 44 in file Src\GestionSon.s
Comment: Fin used once
StartSon 0000003C

Symbol: StartSon
   Definitions
      At line 69 in file Src\GestionSon.s
   Uses
      At line 6 in file Src\GestionSon.s
Comment: StartSon used once
moncode 00000000

Symbol: moncode
   Definitions
      At line 31 in file Src\GestionSon.s
   Uses
      None
Comment: moncode unused
4 symbols



ARM Macro Assembler    Page 1 Alphabetic symbol ordering
External symbols

LongueurSon 00000000

Symbol: LongueurSon
   Definitions
      At line 8 in file Src\GestionSon.s
   Uses
      At line 38 in file Src\GestionSon.s
Comment: LongueurSon used once
PWM_Set_Value_TIM3_Ch3 00000000

Symbol: PWM_Set_Value_TIM3_Ch3
   Definitions
      At line 11 in file Src\GestionSon.s
   Uses
      At line 61 in file Src\GestionSon.s
Comment: PWM_Set_Value_TIM3_Ch3 used once
PeriodeSonMicroSec 00000000

Symbol: PeriodeSonMicroSec
   Definitions
      At line 9 in file Src\GestionSon.s
   Uses
      None
Comment: PeriodeSonMicroSec unused
Son 00000000

Symbol: Son
   Definitions
      At line 10 in file Src\GestionSon.s
   Uses
      At line 46 in file Src\GestionSon.s
Comment: Son used once
4 symbols
349 symbols in table
